<?xml version="1.0" encoding="UTF-8"?>
<testng-results ignored="0" total="2" passed="2" failed="0" skipped="0">
  <reporter-output>
  </reporter-output>
  <suite started-at="2021-07-28T15:00:45 IST" name="API Test Automation Suite" finished-at="2021-07-28T15:00:47 IST" duration-ms="1486">
    <groups>
    </groups>
    <test started-at="2021-07-28T15:00:45 IST" name="API Testing Automation" finished-at="2021-07-28T15:00:47 IST" duration-ms="1486">
      <class name="com.qa.testcases.GetApiTest">
        <test-method is-config="true" signature="setUp()[pri:0, instance:com.qa.testcases.GetApiTest@1677d1]" started-at="2021-07-28T15:00:45 IST" name="setUp" finished-at="2021-07-28T15:00:45 IST" duration-ms="6" status="PASS">
          <reporter-output>
          </reporter-output>
        </test-method> <!-- setUp -->
        <test-method signature="getAPITestWithoutHeaders()[pri:1, instance:com.qa.testcases.GetApiTest@1677d1]" started-at="2021-07-28T15:00:45 IST" name="getAPITestWithoutHeaders" finished-at="2021-07-28T15:00:46 IST" duration-ms="1053" status="PASS">
          <reporter-output>
          </reporter-output>
        </test-method> <!-- getAPITestWithoutHeaders -->
        <test-method is-config="true" signature="setUp()[pri:0, instance:com.qa.testcases.GetApiTest@1677d1]" started-at="2021-07-28T15:00:46 IST" name="setUp" finished-at="2021-07-28T15:00:46 IST" duration-ms="1" status="PASS">
          <reporter-output>
          </reporter-output>
        </test-method> <!-- setUp -->
        <test-method signature="getAPITestWithHeaders()[pri:2, instance:com.qa.testcases.GetApiTest@1677d1]" started-at="2021-07-28T15:00:46 IST" name="getAPITestWithHeaders" finished-at="2021-07-28T15:00:47 IST" duration-ms="353" status="PASS">
          <reporter-output>
          </reporter-output>
        </test-method> <!-- getAPITestWithHeaders -->
      </class> <!-- com.qa.testcases.GetApiTest -->
    </test> <!-- API Testing Automation -->
  </suite> <!-- API Test Automation Suite -->
</testng-results>
