<?xml version="1.0" encoding="UTF-8"?>
<testng-results ignored="0" total="1" passed="1" failed="0" skipped="0">
  <reporter-output>
  </reporter-output>
  <suite started-at="2021-07-28T23:07:43 IST" name="Default suite" finished-at="2021-07-28T23:07:45 IST" duration-ms="1998">
    <groups>
    </groups>
    <test started-at="2021-07-28T23:07:43 IST" name="Default test" finished-at="2021-07-28T23:07:45 IST" duration-ms="1998">
      <class name="com.qa.testcases.PostApiTest">
        <test-method is-config="true" signature="setUp()[pri:0, instance:com.qa.testcases.PostApiTest@1f3f4916]" started-at="2021-07-28T23:07:43 IST" name="setUp" finished-at="2021-07-28T23:07:43 IST" duration-ms="7" status="PASS">
          <reporter-output>
          </reporter-output>
        </test-method> <!-- setUp -->
        <test-method signature="postAPITest()[pri:0, instance:com.qa.testcases.PostApiTest@1f3f4916]" started-at="2021-07-28T23:07:43 IST" name="postAPITest" finished-at="2021-07-28T23:07:45 IST" duration-ms="1935" status="PASS">
          <reporter-output>
          </reporter-output>
        </test-method> <!-- postAPITest -->
        <test-method is-config="true" signature="tearDown()[pri:0, instance:com.qa.testcases.PostApiTest@1f3f4916]" started-at="2021-07-28T23:07:45 IST" name="tearDown" finished-at="2021-07-28T23:07:45 IST" duration-ms="1" status="PASS">
          <reporter-output>
          </reporter-output>
        </test-method> <!-- tearDown -->
      </class> <!-- com.qa.testcases.PostApiTest -->
    </test> <!-- Default test -->
  </suite> <!-- Default suite -->
</testng-results>
