<?xml version="1.0" encoding="UTF-8"?>
<!-- Generated by org.testng.reporters.JUnitXMLReporter -->
<testsuite ignored="0" hostname="DESKTOP-03NIIQU" failures="0" tests="2" name="API Testing Automation" time="1.486" errors="0" timestamp="2021-07-28T15:00:47 IST">
  <testcase classname="com.qa.testcases.GetApiTest" name="getAPITestWithoutHeaders" time="1.053"/>
  <testcase classname="com.qa.testcases.GetApiTest" name="getAPITestWithHeaders" time="0.353"/>
</testsuite> <!-- API Testing Automation -->
